Performing C SOURCE FILE Test CMAKE_HAVE_LIBC_PTHREAD failed with the following output:
Change Dir: /mnt/shared/Documents/ISIMA/cpp/zz3/tp_1/build/CMakeFiles/CMakeTmp

Run Build Command(s):/usr/bin/gmake cmTC_ac14d/fast && /usr/bin/gmake  -f CMakeFiles/cmTC_ac14d.dir/build.make CMakeFiles/cmTC_ac14d.dir/build
gmake[1] : on entre dans le répertoire « /mnt/shared/Documents/ISIMA/cpp/zz3/tp_1/build/CMakeFiles/CMakeTmp »
Building C object CMakeFiles/cmTC_ac14d.dir/src.c.o
/usr/bin/cc   -DCMAKE_HAVE_LIBC_PTHREAD   -o CMakeFiles/cmTC_ac14d.dir/src.c.o   -c /mnt/shared/Documents/ISIMA/cpp/zz3/tp_1/build/CMakeFiles/CMakeTmp/src.c
Linking C executable cmTC_ac14d
/usr/bin/cmake -E cmake_link_script CMakeFiles/cmTC_ac14d.dir/link.txt --verbose=1
/usr/bin/cc  -DCMAKE_HAVE_LIBC_PTHREAD    -rdynamic CMakeFiles/cmTC_ac14d.dir/src.c.o  -o cmTC_ac14d 
/usr/bin/ld : CMakeFiles/cmTC_ac14d.dir/src.c.o : dans la fonction « main » :
src.c:(.text+0x2d) : référence indéfinie vers « pthread_create »
/usr/bin/ld : src.c:(.text+0x39) : référence indéfinie vers « pthread_detach »
/usr/bin/ld : src.c:(.text+0x45) : référence indéfinie vers « pthread_cancel »
/usr/bin/ld : src.c:(.text+0x56) : référence indéfinie vers « pthread_join »
collect2: erreur: ld a retourné le statut de sortie 1
gmake[1]: *** [CMakeFiles/cmTC_ac14d.dir/build.make:107: cmTC_ac14d] Error 1
gmake[1] : on quitte le répertoire « /mnt/shared/Documents/ISIMA/cpp/zz3/tp_1/build/CMakeFiles/CMakeTmp »
gmake: *** [Makefile:141: cmTC_ac14d/fast] Error 2


Source file was:
#include <pthread.h>

void* test_func(void* data)
{
  return data;
}

int main(void)
{
  pthread_t thread;
  pthread_create(&thread, NULL, test_func, NULL);
  pthread_detach(thread);
  pthread_cancel(thread);
  pthread_join(thread, NULL);
  pthread_atfork(NULL, NULL, NULL);
  pthread_exit(NULL);

  return 0;
}

Determining if the function pthread_create exists in the pthreads failed with the following output:
Change Dir: /mnt/shared/Documents/ISIMA/cpp/zz3/tp_1/build/CMakeFiles/CMakeTmp

Run Build Command(s):/usr/bin/gmake cmTC_ea86d/fast && /usr/bin/gmake  -f CMakeFiles/cmTC_ea86d.dir/build.make CMakeFiles/cmTC_ea86d.dir/build
gmake[1] : on entre dans le répertoire « /mnt/shared/Documents/ISIMA/cpp/zz3/tp_1/build/CMakeFiles/CMakeTmp »
Building C object CMakeFiles/cmTC_ea86d.dir/CheckFunctionExists.c.o
/usr/bin/cc   -DCHECK_FUNCTION_EXISTS=pthread_create   -o CMakeFiles/cmTC_ea86d.dir/CheckFunctionExists.c.o   -c /usr/share/cmake/Modules/CheckFunctionExists.c
Linking C executable cmTC_ea86d
/usr/bin/cmake -E cmake_link_script CMakeFiles/cmTC_ea86d.dir/link.txt --verbose=1
/usr/bin/cc  -DCHECK_FUNCTION_EXISTS=pthread_create    -rdynamic CMakeFiles/cmTC_ea86d.dir/CheckFunctionExists.c.o  -o cmTC_ea86d  -lpthreads 
/usr/bin/ld : ne peut trouver -lpthreads
collect2: erreur: ld a retourné le statut de sortie 1
gmake[1]: *** [CMakeFiles/cmTC_ea86d.dir/build.make:107: cmTC_ea86d] Error 1
gmake[1] : on quitte le répertoire « /mnt/shared/Documents/ISIMA/cpp/zz3/tp_1/build/CMakeFiles/CMakeTmp »
gmake: *** [Makefile:141: cmTC_ea86d/fast] Error 2



